<?xml version="1.0" encoding="UTF-8"?>
<!-- Generated by org.testng.reporters.JUnitXMLReporter -->
<testsuite ignored="1" hostname="Krishnas-Air" failures="0" tests="2" name="Test" time="1.226" errors="0" timestamp="30 Aug 2022 21:16:46 GMT">
  <testcase classname="test.HomePageTest" name="homepagetest" time="0.966"/>
  <testcase classname="test.CreateNewAcountTest" name="CreateNewAcountPageTest" time="0.0">
    <skipped/>
  </testcase> <!-- CreateNewAcountPageTest -->
  <testcase classname="test.BaseTest" name="@BeforeSuite setUp" time="0.0">
    <ignored/>
  </testcase> <!-- @BeforeSuite setUp -->
</testsuite> <!-- Test -->
