<?xml version="1.0" encoding="UTF-8"?>
<testng-results ignored="1" total="3" passed="1" failed="0" skipped="1">
  <reporter-output>
  </reporter-output>
  <suite started-at="2022-08-30T21:16:45Z" name="Suite" finished-at="2022-08-30T21:16:46Z" duration-ms="1226">
    <groups>
    </groups>
    <test started-at="2022-08-30T21:16:45Z" name="Test" finished-at="2022-08-30T21:16:46Z" duration-ms="1226">
      <class name="test.CreateNewAcountTest">
        <test-method signature="CreateNewAcountPageTest(java.lang.String, java.lang.String)[pri:0, instance:test.CreateNewAcountTest@53b7f657]" started-at="2022-08-30T17:16:46Z" name="CreateNewAcountPageTest" data-provider="fb" finished-at="2022-08-30T17:16:46Z" duration-ms="0" status="SKIP">
          <exception class="java.lang.RuntimeException">
            <message>
              <![CDATA[java.lang.NullPointerException]]>
            </message>
            <full-stacktrace>
              <![CDATA[java.lang.RuntimeException: java.lang.NullPointerException
	at org.testng.internal.MethodInvocationHelper.invokeMethodNoCheckedException(MethodInvocationHelper.java:49)
	at org.testng.internal.MethodInvocationHelper.invokeDataProvider(MethodInvocationHelper.java:111)
	at org.testng.internal.Parameters.handleParameters(Parameters.java:509)
	at org.testng.internal.Invoker.handleParameters(Invoker.java:1293)
	at org.testng.internal.Invoker.createParameters(Invoker.java:1020)
	at org.testng.internal.Invoker.invokeTestMethods(Invoker.java:1110)
	at org.testng.internal.TestMethodWorker.invokeTestMethods(TestMethodWorker.java:129)
	at org.testng.internal.TestMethodWorker.run(TestMethodWorker.java:112)
	at org.testng.TestRunner.privateRun(TestRunner.java:756)
	at org.testng.TestRunner.run(TestRunner.java:610)
	at org.testng.SuiteRunner.runTest(SuiteRunner.java:387)
	at org.testng.SuiteRunner.runSequentially(SuiteRunner.java:382)
	at org.testng.SuiteRunner.privateRun(SuiteRunner.java:340)
	at org.testng.SuiteRunner.run(SuiteRunner.java:289)
	at org.testng.SuiteRunnerWorker.runSuite(SuiteRunnerWorker.java:52)
	at org.testng.SuiteRunnerWorker.run(SuiteRunnerWorker.java:86)
	at org.testng.TestNG.runSuitesSequentially(TestNG.java:1293)
	at org.testng.TestNG.runSuitesLocally(TestNG.java:1218)
	at org.testng.TestNG.runSuites(TestNG.java:1133)
	at org.testng.TestNG.run(TestNG.java:1104)
	at org.testng.remote.AbstractRemoteTestNG.run(AbstractRemoteTestNG.java:115)
	at org.testng.remote.RemoteTestNG.initAndRun(RemoteTestNG.java:251)
	at org.testng.remote.RemoteTestNG.main(RemoteTestNG.java:77)
Caused by: java.lang.NullPointerException
	at libary.ExcelReader.excelToArray(ExcelReader.java:33)
	at test.CreateNewAcountTest.getdata(CreateNewAcountTest.java:46)
	at java.base/jdk.internal.reflect.NativeMethodAccessorImpl.invoke0(Native Method)
	at java.base/jdk.internal.reflect.NativeMethodAccessorImpl.invoke(NativeMethodAccessorImpl.java:62)
	at java.base/jdk.internal.reflect.DelegatingMethodAccessorImpl.invoke(DelegatingMethodAccessorImpl.java:43)
	at java.base/java.lang.reflect.Method.invoke(Method.java:566)
	at org.testng.internal.MethodInvocationHelper.invokeMethod(MethodInvocationHelper.java:104)
	at org.testng.internal.MethodInvocationHelper.invokeMethod(MethodInvocationHelper.java:55)
	at org.testng.internal.MethodInvocationHelper.invokeMethodNoCheckedException(MethodInvocationHelper.java:45)
	... 22 more
]]>
            </full-stacktrace>
          </exception> <!-- java.lang.RuntimeException -->
          <reporter-output>
          </reporter-output>
        </test-method> <!-- CreateNewAcountPageTest -->
      </class> <!-- test.CreateNewAcountTest -->
      <class name="test.HomePageTest">
        <test-method is-config="true" signature="setUp()[pri:0, instance:test.HomePageTest@55c53a33]" started-at="2022-08-30T17:16:37Z" name="setUp" finished-at="2022-08-30T17:16:45Z" duration-ms="7390" status="PASS">
          <reporter-output>
          </reporter-output>
        </test-method> <!-- setUp -->
        <test-method signature="homepagetest()[pri:0, instance:test.HomePageTest@55c53a33]" started-at="2022-08-30T17:16:45Z" name="homepagetest" finished-at="2022-08-30T17:16:46Z" duration-ms="966" status="PASS">
          <reporter-output>
          </reporter-output>
        </test-method> <!-- homepagetest -->
      </class> <!-- test.HomePageTest -->
    </test> <!-- Test -->
  </suite> <!-- Suite -->
</testng-results>
